argonmd.cpp:478:22: missed: couldn't vectorize loop
argonmd.cpp:478:22: missed: not vectorized: control flow in loop.
argonmd.cpp:488:24: missed: couldn't vectorize loop
argonmd.cpp:488:24: missed: not vectorized: control flow in loop.
argonmd.cpp:512:23: missed: not vectorized: vectorization is not profitable.
argonmd.cpp:512:23: missed: not vectorized: vectorization is not profitable.
argonmd.cpp:264:26: missed: couldn't vectorize loop
argonmd.cpp:264:26: missed: not vectorized: number of iterations cannot be computed.
/usr/include/x86_64-linux-gnu/bits/string_fortified.h:79:33: missed: statement clobbers memory: __builtin___strcpy_chk (&input_string, _1, 63);
argonmd.cpp:263:26: missed: statement clobbers memory: token_string_37 = strtok (&input_string, ",");
/usr/include/stdlib.h:483:23: missed: statement clobbers memory: _63 = strtol (token_string_23, 0B, 10);
argonmd.cpp:266:28: missed: statement clobbers memory: token_string_55 = strtok (0B, ",");
/usr/include/stdlib.h:483:23: missed: statement clobbers memory: _65 = strtol (_12, 0B, 10);
/usr/include/x86_64-linux-gnu/bits/stdlib-float.h:27:17: missed: statement clobbers memory: _67 = strtod (_13, 0B);
/usr/include/stdlib.h:483:23: missed: statement clobbers memory: _68 = strtol (_15, 0B, 10);
/usr/include/stdlib.h:483:23: missed: statement clobbers memory: _70 = strtol (_16, 0B, 10);
/usr/include/stdlib.h:483:23: missed: statement clobbers memory: _72 = strtol (_18, 0B, 10);
argonmd.cpp:334:22: missed: couldn't vectorize loop
argonmd.cpp:334:22: missed: not vectorized: loop nest containing two or more consecutive inner loops cannot be vectorized
argonmd.cpp:335:24: missed: couldn't vectorize loop
argonmd.cpp:335:24: missed: not vectorized: loop nest containing two or more consecutive inner loops cannot be vectorized
argonmd.cpp:336:26: missed: couldn't vectorize loop
argonmd.cpp:336:26: missed: not vectorized: loop nest containing two or more consecutive inner loops cannot be vectorized
argonmd.cpp:337:28: missed: couldn't vectorize loop
argonmd.cpp:340:59: missed: not vectorized: no vectype for stmt: _15 = *_14;
 scalar_type: const double
argonmd.cpp:350:26: missed: not vectorized: vectorization is not profitable.
argonmd.cpp:350:26: missed: not vectorized: vectorization is not profitable.
argonmd.cpp:323:6: missed: not vectorized: vectorization is not profitable.
argonmd.cpp:323:6: missed: not vectorized: vectorization is not profitable.
argonmd.cpp:403:36: missed: statement clobbers memory: t_factor_sqrt_41 = sqrt (t_factor_27);
argonmd.cpp:435:22: missed: couldn't vectorize loop
argonmd.cpp:435:22: missed: not vectorized: control flow in loop.
argonmd.cpp:437:24: missed: couldn't vectorize loop
argonmd.cpp:437:24: missed: not vectorized: control flow in loop.
argonmd.cpp:432:19: missed: statement clobbers memory: __builtin_memset (numneigh_74(D), 0, _151);
argonmd.cpp:478:22: missed: couldn't vectorize loop
argonmd.cpp:478:22: missed: not vectorized: control flow in loop.
argonmd.cpp:488:24: missed: couldn't vectorize loop
argonmd.cpp:488:24: missed: not vectorized: control flow in loop.
argonmd.cpp:512:23: missed: not vectorized: vectorization is not profitable.
argonmd.cpp:512:23: missed: not vectorized: vectorization is not profitable.
argonmd.cpp:530:22: missed: couldn't vectorize loop
argonmd.cpp:530:22: missed: not vectorized: control flow in loop.
argonmd.cpp:558:22: missed: couldn't vectorize loop
argonmd.cpp:559:32: missed: not vectorized: no vectype for stmt: _5 = *_4;
 scalar_type: const double
argonmd.cpp:630:27: missed: couldn't vectorize loop
/usr/include/x86_64-linux-gnu/bits/stdio2.h:86:23: missed: statement clobbers memory: __printf_chk (2, "%+16.6E %+16.6E %+16.6E\n", _13, _10, _6);
/usr/include/x86_64-linux-gnu/bits/stdio2.h:86:23: missed: statement clobbers memory: __printf_chk (2, "\n%16c %16c %16c\n", 88, 89, 90);
/usr/include/x86_64-linux-gnu/bits/stdio2.h:86:23: missed: statement clobbers memory: __printf_chk (2, "%+16.6E %+16.6E %+16.6E\n", _13, _10, _6);
/usr/include/x86_64-linux-gnu/bits/stdio2.h:86:23: missed: statement clobbers memory: __printf_chk (2, "\n Box Units : %-3i  %-3i  %-3i\n", _3, _2, _1);
/usr/include/x86_64-linux-gnu/bits/stdio2.h:86:23: missed: statement clobbers memory: __printf_chk (2, " No. Time Steps : %i\n", nsteps_9(D));
/usr/include/x86_64-linux-gnu/bits/stdio2.h:86:23: missed: statement clobbers memory: __printf_chk (2, " Initial Temp [K] : %-6.1F\n", temp_ini_10(D));
/usr/include/x86_64-linux-gnu/bits/stdio2.h:86:23: missed: statement clobbers memory: __printf_chk (2, " Neigh Update Freq : %i\n", nneighupd_11(D));
/usr/include/x86_64-linux-gnu/bits/stdio2.h:86:23: missed: statement clobbers memory: __printf_chk (2, " Thermo Print Freq : %i\n", nthermo_12(D));
/usr/include/x86_64-linux-gnu/bits/stdio2.h:86:23: missed: statement clobbers memory: __printf_chk (2, " Coord Dump Freq : %i\n", ndump_13(D));
/usr/include/x86_64-linux-gnu/bits/stdio2.h:86:23: missed: statement clobbers memory: __printf_chk (2, "\n Time Step [ps] : %-5.3F\n", dt_14(D));
/usr/include/x86_64-linux-gnu/bits/stdio2.h:86:23: missed: statement clobbers memory: __printf_chk (2, " Cutoff Dist [Ang] : %-5.3F\n", cut_15(D));
/usr/include/x86_64-linux-gnu/bits/stdio2.h:86:23: missed: statement clobbers memory: __printf_chk (2, " Cell Par [Ang] : %-5.3F\n", cellpar_16(D));
/usr/include/x86_64-linux-gnu/bits/stdio2.h:86:23: missed: statement clobbers memory: __printf_chk (2, " Box Length [Ang] : %-7.3F  %-7.3F  %-7.3F\n", _6, _5, _4);
/usr/include/x86_64-linux-gnu/bits/stdio2.h:86:23: missed: statement clobbers memory: __printf_chk (2, " No. Atoms : %i\n", natoms_18(D));
/usr/include/x86_64-linux-gnu/bits/stdio2.h:86:23: missed: statement clobbers memory: __printf_chk (2, " %9i  %10.3F  %8.3F  %+12.9F  %+12.9F  %+12.9F  %10.3F\n", istep_2(D), time_3(D), temp_4(D), ekin_5(D), epot_6(D), etot_7(D), clock_8(D));
argonmd.cpp:684:23: missed: couldn't vectorize loop
/usr/include/x86_64-linux-gnu/bits/stdio2.h:79:24: missed: statement clobbers memory: __fprintf_chk (file_38(D), 2, "ATOM  %5i %4s UNK  %-5i   %8.3F%8.3F%8.3F  1.00  0.00          %2s  \n", _17, elsym_44(D), _17, _16, _13, _9, elsym_44(D));
argonmd.cpp:689:23: missed: couldn't vectorize loop
/usr/include/x86_64-linux-gnu/bits/stdio2.h:79:24: missed: statement clobbers memory: __fprintf_chk (file_38(D), 2, "ATOM  %5X %4s UNK  %-5X   %8.3F%8.3F%8.3F  1.00  0.00          %2s  \n", _31, elsym_44(D), _31, _30, _27, _23, elsym_44(D));
/usr/include/x86_64-linux-gnu/bits/stdio2.h:79:24: missed: statement clobbers memory: __fprintf_chk (file_38(D), 2, "REMARK --- frame: %-5i\n", istep_39(D));
/usr/include/x86_64-linux-gnu/bits/stdio2.h:79:24: missed: statement clobbers memory: __fprintf_chk (file_38(D), 2, "CRYST1%9.3F%9.3F%9.3F%7.2F%7.2F%7.2F\n", _3, _2, _1, boxang_41(D), boxang_41(D), boxang_41(D));
/usr/include/x86_64-linux-gnu/bits/stdio2.h:79:24: missed: statement clobbers memory: __fprintf_chk (file_38(D), 2, "ATOM  %5X %4s UNK  %-5X   %8.3F%8.3F%8.3F  1.00  0.00          %2s  \n", _31, elsym_44(D), _31, _30, _27, _23, elsym_44(D));
/usr/include/x86_64-linux-gnu/bits/stdio2.h:79:24: missed: statement clobbers memory: __fprintf_chk (file_38(D), 2, "ATOM  %5i %4s UNK  %-5i   %8.3F%8.3F%8.3F  1.00  0.00          %2s  \n", _17, elsym_44(D), _17, _16, _13, _9, elsym_44(D));
/usr/include/x86_64-linux-gnu/bits/stdio2.h:79:24: missed: statement clobbers memory: __fprintf_chk (file_38(D), 2, "END   \n");
argonmd.cpp:181:23: missed: couldn't vectorize loop
argonmd.cpp:181:23: missed: not vectorized: control flow in loop.
argonmd.cpp:54:44: missed: statement clobbers memory: input_params = get_input_params (argc_62(D), argv_63(D)); [return slot optimization]
argonmd.cpp:127:34: missed: statement clobbers memory: __cxa_throw_bad_array_new_length ();
argonmd.cpp:127:34: missed: statement clobbers memory: _97 = operator new [] (iftmp.0_95);
argonmd.cpp:128:42: missed: statement clobbers memory: _100 = operator new [] (iftmp.1_98);
argonmd.cpp:129:39: missed: statement clobbers memory: _103 = operator new [] (iftmp.2_101);
argonmd.cpp:130:42: missed: statement clobbers memory: _105 = operator new [] (iftmp.2_101);
argonmd.cpp:131:39: missed: statement clobbers memory: _107 = operator new [] (iftmp.2_101);
argonmd.cpp:132:40: missed: statement clobbers memory: _110 = operator new [] (iftmp.2_101);
argonmd.cpp:133:43: missed: statement clobbers memory: _113 = operator new [] (iftmp.2_101);
/usr/include/x86_64-linux-gnu/bits/stdio2.h:86:23: missed: statement clobbers memory: __printf_chk (2, "\n** ArgonMD **\n");
argonmd.cpp:148:16: missed: statement clobbers memory: setup_struc_vel (4, &box_units, 5.7949999999999999289457264239899814128875732421875e+0, &unitpos, natoms_73, _103, _105, _107);
argonmd.cpp:150:18: missed: statement clobbers memory: compute_temp_ekin (_107, natoms_73, 3.99500000000000028421709430404007434844970703125e+1, temp_scale_93, 1.03642663765126435081696809614726362269720993936061859131e-4, &temp, &ekin);
argonmd.cpp:151:13: missed: statement clobbers memory: rescale_temp (_107, natoms_73, temp_ini_69, &temp, &ekin);
argonmd.cpp:154:10: missed: statement clobbers memory: check_pbc (_103, natoms_73, &boxlen);
argonmd.cpp:156:14: missed: statement clobbers memory: compute_neigh (_103, natoms_73, &boxlen, &boxhalf, 9.62596454399999856832437217235565185546875e+1, 150, _97, _100);
argonmd.cpp:159:18: missed: statement clobbers memory: compute_forc_epot.constprop (_103, natoms_73, _97, _100, &boxlen, &boxhalf, _110, &epot);
argonmd.cpp:163:11: missed: statement clobbers memory: print_info (&box_units, nsteps_68, temp_ini_69, nneighupd_70, nthermo_71, ndump_72, 1.00000000000000002081668171172168513294309377670288085938e-3, 8.7599999999999997868371792719699442386627197265625e+0, 5.7949999999999999289457264239899814128875732421875e+0, &boxlen, natoms_73);
/usr/include/x86_64-linux-gnu/bits/stdio2.h:86:23: missed: statement clobbers memory: __printf_chk (2, "\n %9s  %10s  %8s  %12s  %12s  %12s  %10s\n", "Step", "Time[ps]", "Temp[K]", "Ekin[eV]", "Epot[eV]", "Etot[eV]", "Clock[s]");
/usr/include/x86_64-linux-gnu/bits/stdio2.h:86:23: missed: statement clobbers memory: __printf_chk (2, " %9i  %10.3F  %8.3F  %+12.9F  %+12.9F  %+12.9F  %10.3F\n", 0, 0.0, temp.11_30, _29, _28, _27, 0.0);
argonmd.cpp:172:15: missed: statement clobbers memory: _123 = fopen ("coord.pdb", "w");
argonmd.cpp:173:11: missed: statement clobbers memory: dump_pdb (_123, 0, &boxlen, 9.0e+1, "Ar", _103, natoms_73);
argonmd.cpp:174:9: missed: statement clobbers memory: fclose (_123);
argonmd.cpp:175:15: missed: statement clobbers memory: _127 = fopen ("traj.pdb", "w");
argonmd.cpp:180:14: missed: statement clobbers memory: start_129 = clock ();
argonmd.cpp:228:14: missed: statement clobbers memory: _184 = clock ();
/usr/include/x86_64-linux-gnu/bits/stdio2.h:86:23: missed: statement clobbers memory: __printf_chk (2, "\n Loop Clock Time [s] : %10.3F\n", clocktime_187);
argonmd.cpp:187:17: missed: statement clobbers memory: update_pos_pbc (_103, _105, _107, forc_193, natoms_73, 1.00000000000000002081668171172168513294309377670288085938e-3, 4.82426813279416503293939300078818632755428552627563476562e-3, 2.5031289111389236345939224293033475987613201141357421875e-2, &boxlen);
argonmd.cpp:191:18: missed: statement clobbers memory: compute_neigh (_103, natoms_73, &boxlen, &boxhalf, 9.62596454399999856832437217235565185546875e+1, 150, _97, _100);
argonmd.cpp:198:20: missed: statement clobbers memory: compute_forc_epot.constprop (_103, natoms_73, _97, _100, &boxlen, &boxhalf, forcold_195, &epot);
argonmd.cpp:202:13: missed: statement clobbers memory: update_vel (_107, forc_193, forcold_195, natoms_73, 4.82426813279416588642334318137727677822113037109375e+0, 2.5031289111389236345939224293033475987613201141357421875e-2);
argonmd.cpp:211:18: missed: statement clobbers memory: _33 = clock ();
/usr/include/x86_64-linux-gnu/bits/stdio2.h:86:23: missed: statement clobbers memory: __printf_chk (2, " %9i  %10.3F  %8.3F  %+12.9F  %+12.9F  %+12.9F  %10.3F\n", istep_197, _44, _188, _41, _40, _39, clocktime_156);
argonmd.cpp:222:13: missed: statement clobbers memory: dump_pdb (traj_52, istep_197, &boxlen, 9.0e+1, "Ar", _103, natoms_73);
argonmd.cpp:228:14: missed: statement clobbers memory: _46 = clock ();
/usr/include/x86_64-linux-gnu/bits/stdio2.h:86:23: missed: statement clobbers memory: __printf_chk (2, "\n Loop Clock Time [s] : %10.3F\n", clocktime_132);
argonmd.cpp:234:26: missed: statement clobbers memory: fclose (traj_52);
argonmd.cpp:237:11: missed: statement clobbers memory: operator delete [] (forcold_210);
argonmd.cpp:238:11: missed: statement clobbers memory: operator delete [] (forc_207);
argonmd.cpp:239:11: missed: statement clobbers memory: operator delete [] (_107);
argonmd.cpp:240:11: missed: statement clobbers memory: operator delete [] (_105);
argonmd.cpp:241:11: missed: statement clobbers memory: operator delete [] (_103);
argonmd.cpp:242:11: missed: statement clobbers memory: operator delete [] (_100);
argonmd.cpp:243:11: missed: statement clobbers memory: operator delete [] (_97);
